<?xml version="1.0" encoding="UTF-8"?>
<robot generator="Robot 7.2.2 (Python 3.13.2 on win32)" generated="2025-04-08T11:43:50.780295" rpa="false" schemaversion="5">
<suite id="s1" name="Valid Login" source="C:\Users\IB\Desktop\Project\RobotFramwork\valid_login.robot">
<test id="s1-t1" name="Test Case 1" line="6">
<kw name="Import Results To Xray" owner="import">
<kw name="Import Robot Results" owner="XrayApiImporter">
<msg time="2025-04-08T11:43:52.401347" level="INFO">Request Headers: {'Authorization': 'Bearer eyJhbGciOiJIUzI1NiIsInR5cCI6IkpXVCJ9.eyJ0ZW5hbnQiOiJiNmNhZGQwNS1lMzQxLTNmMTctYjU1Zi00OTM0MTI4MWQ4MmEiLCJhY2NvdW50SWQiOiI3MTIwMjA6ZGFlMjMzMmUtODUwMC00NTJjLWEwYWUtNzM1NjI2OWU0ZjQ5IiwiaXNYZWEiOmZhbHNlLCJpYXQiOjE3NDQxMDU0MjMsImV4cCI6MTc0NDE5MTgyMywiYXVkIjoiRTU3N0Y5Q0FFQzhBNDE3MTk4NUQyRjgyRjEyOUQ3M0YiLCJpc3MiOiJjb20ueHBhbmRpdC5wbHVnaW5zLnhyYXkiLCJzdWIiOiJFNTc3RjlDQUVDOEE0MTcxOTg1RDJGODJGMTI5RDczRiJ9.hTqwpvL8Hotuspw_yxTnBjZ45V4QhxHiblMlIpf_JDg', 'Content-Type': 'application/xml'}
Request Body: b'&lt;?xml version="1.0" encoding="UTF-8"?&gt;\r\n&lt;robot generator="Robot 7.2.2 (Python 3.13.2 on win32)" generated="2025-04-08T11:40:07.687855" rpa="false" schemaversion="5"&gt;\r\n&lt;suite id="s1" name="Login Test" source="C:\\Users\\IB\\Desktop\\Project\\RobotFramwork\\test\\login_test"&gt;\r\n&lt;suite id="s1-s1" name="Valid Login" source="C:\\Users\\IB\\Desktop\\Project\\RobotFramwork\\test\\login_test\\valid_login.robot"&gt;\r\n&lt;test id="s1-s1-t1" name="Test Case 1" line="6"&gt;\r\n&lt;kw name="Import Results To Xray" owner="import"&gt;\r\n&lt;kw name="Import Robot Results" owner="XrayApiImporter"&gt;\r\n&lt;msg time="2025-04-08T11:40:09.346703" level="INFO"&gt;Request Headers: {\'Authorization\': \'Bearer eyJhbGciOiJIUzI1NiIsInR5cCI6IkpXVCJ9.eyJ0ZW5hbnQiOiJiNmNhZGQwNS1lMzQxLTNmMTctYjU1Zi00OTM0MTI4MWQ4MmEiLCJhY2NvdW50SWQiOiI3MTIwMjA6ZGFlMjMzMmUtODUwMC00NTJjLWEwYWUtNzM1NjI2OWU0ZjQ5IiwiaXNYZWEiOmZhbHNlLCJpYXQiOjE3NDQxMDUyMDAsImV4cCI6MTc0NDE5MTYwMCwiYXVkIjoiRTU3N0Y5Q0FFQzhBNDE3MTk4NUQyRjgyRjEyOUQ3M0YiLCJpc3MiOiJjb20ueHBhbmRpdC5wbHVnaW5zLnhyYXkiLCJzdWIiOiJFNTc3RjlDQUVDOEE0MTcxOTg1RDJGODJGMTI5RDczRiJ9.7BIY5XgeDEwrx7JzJfNWgqpgBwxuxLki-LBaAjXUrl8\', \'Content-Type\': \'application/xml\'}\r\nRequest Body: b\'\'&lt;/msg&gt;\r\n&lt;msg time="2025-04-08T11:40:09.346851" level="FAIL"&gt;FileNotFoundError: [Errno 2] No such file or directory: \'output.xml\'&lt;/msg&gt;\r\n&lt;var&gt;${result}&lt;/var&gt;\r\n&lt;arg&gt;C:/Users/IB/Desktop/Project/RobotFramwork/test/login_test/results/output.xml&lt;/arg&gt;\r\n&lt;status status="FAIL" start="2025-04-08T11:40:08.122730" elapsed="1.225210"&gt;FileNotFoundError: [Errno 2] No such file or directory: \'output.xml\'&lt;/status&gt;\r\n&lt;/kw&gt;\r\n&lt;kw name="Log" owner="BuiltIn"&gt;\r\n&lt;arg&gt;${result}&lt;/arg&gt;\r\n&lt;doc&gt;Logs the given message with the given level.&lt;/doc&gt;\r\n&lt;status status="NOT RUN" start="2025-04-08T11:40:09.348128" elapsed="0.000030"/&gt;\r\n&lt;/kw&gt;\r\n&lt;status status="FAIL" start="2025-04-08T11:40:08.122031" elapsed="1.226228"&gt;FileNotFoundError: [Errno 2] No such file or directory: \'output.xml\'&lt;/status&gt;\r\n&lt;/kw&gt;\r\n&lt;status status="FAIL" start="2025-04-08T11:40:08.121410" elapsed="1.227275"&gt;FileNotFoundError: [Errno 2] No such file or directory: \'output.xml\'&lt;/status&gt;\r\n&lt;/test&gt;\r\n&lt;status status="FAIL" start="2025-04-08T11:40:07.709276" elapsed="1.640679"/&gt;\r\n&lt;/suite&gt;\r\n&lt;status status="FAIL" start="2025-04-08T11:40:07.688884" elapsed="1.661935"/&gt;\r\n&lt;/suite&gt;\r\n&lt;statistics&gt;\r\n&lt;total&gt;\r\n&lt;stat pass="0" fail="1" skip="0"&gt;All Tests&lt;/stat&gt;\r\n&lt;/total&gt;\r\n&lt;tag&gt;\r\n&lt;/tag&gt;\r\n&lt;suite&gt;\r\n&lt;stat name="Login Test" id="s1" pass="0" fail="1" skip="0"&gt;Login Test&lt;/stat&gt;\r\n&lt;stat name="Valid Login" id="s1-s1" pass="0" fail="1" skip="0"&gt;Login Test.Valid Login&lt;/stat&gt;\r\n&lt;/suite&gt;\r\n&lt;/statistics&gt;\r\n&lt;errors&gt;\r\n&lt;/errors&gt;\r\n&lt;/robot&gt;\r\n'</msg>
<msg time="2025-04-08T11:43:52.401516" level="FAIL">Request Body: b'&lt;?xml version="1.0" encoding="UTF-8"?&gt;\r\n&lt;robot generator="Robot 7.2.2 (Python 3.13.2 on win32)" generated="2025-04-08T11:40:07.687855" rpa="false" schemaversion="5"&gt;\r\n&lt;suite id="s1" name="Login Test" source="C:\\Users\\IB\\Desktop\\Project\\RobotFramwork\\test\\login_test"&gt;\r\n&lt;suite id="s1-s1" name="Valid Login" source="C:\\Users\\IB\\Desktop\\Project\\RobotFramwork\\test\\login_test\\valid_login.robot"&gt;\r\n&lt;test id="s1-s1-t1" name="Test Case 1" line="6"&gt;\r\n&lt;kw name="Import Results To Xray" owner="import"&gt;\r\n&lt;kw name="Import Robot Results" owner="XrayApiImporter"&gt;\r\n&lt;msg time="2025-04-08T11:40:09.346703" level="INFO"&gt;Request Headers: {\'Authorization\': \'Bearer eyJhbGciOiJIUzI1NiIsInR5cCI6IkpXVCJ9.eyJ0ZW5hbnQiOiJiNmNhZGQwNS1lMzQxLTNmMTctYjU1Zi00OTM0MTI4MWQ4MmEiLCJhY2NvdW50SWQiOiI3MTIwMjA6ZGFlMjMzMmUtODUwMC00NTJjLWEwYWUtNzM1NjI2OWU0ZjQ5IiwiaXNYZWEiOmZhbHNlLCJpYXQiOjE3NDQxMDUyMDAsImV4cCI6MTc0NDE5MTYwMCwiYXVkIjoiRTU3N0Y5Q0FFQzhBNDE3MTk4NUQyRjgyRjEyOUQ3M0YiLCJpc3MiOiJjb20ueHBhbmRpdC5wbHVnaW5zLnhyYXkiLCJzdWIiOiJFNTc3RjlDQUVDOEE0MTcxOTg1RDJGODJGMTI5RDczRiJ9.7BIY5XgeDEwrx7JzJfNWgqpgBwxuxLki-LBaAjXUrl8\', \'Content-Type\': \'application/xml\'}\r\nRequest Body: b\'\'&lt;/msg&gt;\r\n&lt;msg time="2025-04-08T11:40:09.346851" level="FAIL"&gt;FileNotFoundError: [Errno 2] No such file or directory: \'output.xml\'&lt;/msg&gt;\r\n&lt;var&gt;${result}&lt;/var&gt;\r\n&lt;arg&gt;C:/Users/IB/Desktop/Project/RobotFramwork/test/login_test/results/output.xml&lt;/arg&gt;\r\n&lt;status status="FAIL" start="2025-04-08T11:40:08.122730" elapsed="1.225210"&gt;FileNotFoundError: [Errno 2] No such file or directory: \'output.xml\'&lt;/status&gt;\r\n&lt;/kw&gt;\r\n&lt;kw name="Log" owner="BuiltIn"&gt;\r\n&lt;arg&gt;${result}&lt;/arg&gt;\r\n&lt;doc&gt;Logs the given message with the given level.&lt;/doc&gt;\r\n&lt;status status="NOT RUN" start="2025-04-08T11:40:09.348128" elapsed="0.000030"/&gt;\r\n&lt;/kw&gt;\r\n&lt;status status="FAIL" start="2025-04-08T11:40:08.122031" elapsed="1.226228"&gt;FileNotFoundError: [Errno 2] No such file or directory: \'output.xml\'&lt;/status&gt;\r\n&lt;/kw&gt;\r\n&lt;status status="FAIL" start="2025-04-08T11:40:08.121410" elapsed="1.227275"&gt;FileNotFoundError: [Errno 2] No such file or directory: \'output.xml\'&lt;/status&gt;\r\n&lt;/test&gt;\r\n&lt;status status="FAIL" start="2025-04-08T11:40:07.709276" elapsed="1.640679"/&gt;\r\n&lt;/suite&gt;\r\n&lt;status status="FAIL" start="2025-04-08T11:40:07.688884" elapsed="1.661935"/&gt;\r\n&lt;/suite&gt;\r\n&lt;statistics&gt;\r\n&lt;total&gt;\r\n&lt;stat pass="0" fail="1" skip="0"&gt;All Tests&lt;/stat&gt;\r\n&lt;/total&gt;\r\n&lt;tag&gt;\r\n&lt;/tag&gt;\r\n&lt;suite&gt;\r\n&lt;stat name="Login Test" id="s1" pass="0" fail="1" skip="0"&gt;Login Test&lt;/stat&gt;\r\n&lt;stat name="Valid Login" id="s1-s1" pass="0" fail="1" skip="0"&gt;Login Test.Valid Login&lt;/stat&gt;\r\n&lt;/suite&gt;\r\n&lt;/statistics&gt;\r\n&lt;errors&gt;\r\n&lt;/errors&gt;\r\n&lt;/robot&gt;\r\n'</msg>
<var>${result}</var>
<arg>C:/Users/IB/Desktop/Project/RobotFramwork/test/login_test/results/output.xml</arg>
<status status="FAIL" start="2025-04-08T11:43:51.221660" elapsed="1.180928">Request Body: b'&lt;?xml version="1.0" encoding="UTF-8"?&gt;\r\n&lt;robot generator="Robot 7.2.2 (Python 3.13.2 on win32)" generated="2025-04-08T11:40:07.687855" rpa="false" schemaversion="5"&gt;\r\n&lt;suite id="s1" name="Login Test" source="C:\\Users\\IB\\Desktop\\Project\\RobotFramwork\\test\\login_test"&gt;\r\n&lt;suite id="s1-s1" name="Valid Login" source="C:\\Users\\IB\\Desktop\\Project\\RobotFramwork\\test\\login_test\\valid_login.robot"&gt;\r\n&lt;test id="s1-s1-t1" name="Test Case 1" line="6"&gt;\r\n&lt;kw name="Import Results To Xray" owner="import"&gt;\r\n&lt;kw name="Import Robot Results" owner="XrayApiImporter"&gt;\r\n&lt;msg time="2025-04-08T11:40:09.346703" level="INFO"&gt;Request Headers: {\'Authorization\': \'Bearer eyJhbGciOiJIUzI1NiIsInR5cCI6IkpXVCJ9.eyJ0ZW5hbnQiOiJiNmNhZGQwNS1lMzQxLTNmMTctYjU1Zi00OTM0MTI4MWQ4MmEiLCJhY2NvdW50SWQiOiI3MTIwMjA6ZGFlMjMzMmUtODUwMC00NTJjLWEwYWUtNzM1NjI2OWU0ZjQ5IiwiaXNYZWEiOmZhbHNlLCJpYXQiOjE3NDQxMDUyMDAsImV4cCI6MTc0NDE5MTYwMCwiYXVkIjoiRTU3N0Y5Q0FFQzhBNDE3MTk4NUQyRjgyRjEyOUQ3M0YiLCJpc3MiOiJjb20ueHBhbmRpdC5wbHVnaW5zLnhyYXkiLCJzdWIiOiJFNTc3RjlDQUVDOEE0MTcxOTg1RDJGODJGMTI5RDczRiJ9.7BIY5XgeDEwrx7JzJfNWgqpgBwxuxLki-LBaAjXUrl8\', \'Content-Type\': \'application/xml\'}\r\nRequest Body: b\'\'&lt;/msg&gt;\r\n&lt;msg time="2025-04-08T11:40:09.346851" level="FAIL"&gt;FileNotFoundError: [Errno 2] No such file or directory: \'output.xml\'&lt;/msg&gt;\r\n&lt;var&gt;${result}&lt;/var&gt;\r\n&lt;arg&gt;C:/Users/IB/Desktop/Project/RobotFramwork/test/login_test/results/output.xml&lt;/arg&gt;\r\n&lt;status status="FAIL" start="2025-04-08T11:40:08.122730" elapsed="1.225210"&gt;FileNotFoundError: [Errno 2] No such file or directory: \'output.xml\'&lt;/status&gt;\r\n&lt;/kw&gt;\r\n&lt;kw name="Log" owner="BuiltIn"&gt;\r\n&lt;arg&gt;${result}&lt;/arg&gt;\r\n&lt;doc&gt;Logs the given message with the given level.&lt;/doc&gt;\r\n&lt;status status="NOT RUN" start="2025-04-08T11:40:09.348128" elapsed="0.000030"/&gt;\r\n&lt;/kw&gt;\r\n&lt;status status="FAIL" start="2025-04-08T11:40:08.122031" elapsed="1.226228"&gt;FileNotFoundError: [Errno 2] No such file or directory: \'output.xml\'&lt;/status&gt;\r\n&lt;/kw&gt;\r\n&lt;status status="FAIL" start="2025-04-08T11:40:08.121410" elapsed="1.227275"&gt;FileNotFoundError: [Errno 2] No such file or directory: \'output.xml\'&lt;/status&gt;\r\n&lt;/test&gt;\r\n&lt;status status="FAIL" start="2025-04-08T11:40:07.709276" elapsed="1.640679"/&gt;\r\n&lt;/suite&gt;\r\n&lt;status status="FAIL" start="2025-04-08T11:40:07.688884" elapsed="1.661935"/&gt;\r\n&lt;/suite&gt;\r\n&lt;statistics&gt;\r\n&lt;total&gt;\r\n&lt;stat pass="0" fail="1" skip="0"&gt;All Tests&lt;/stat&gt;\r\n&lt;/total&gt;\r\n&lt;tag&gt;\r\n&lt;/tag&gt;\r\n&lt;suite&gt;\r\n&lt;stat name="Login Test" id="s1" pass="0" fail="1" skip="0"&gt;Login Test&lt;/stat&gt;\r\n&lt;stat name="Valid Login" id="s1-s1" pass="0" fail="1" skip="0"&gt;Login Test.Valid Login&lt;/stat&gt;\r\n&lt;/suite&gt;\r\n&lt;/statistics&gt;\r\n&lt;errors&gt;\r\n&lt;/errors&gt;\r\n&lt;/robot&gt;\r\n'</status>
</kw>
<kw name="Log" owner="BuiltIn">
<arg>${result}</arg>
<doc>Logs the given message with the given level.</doc>
<status status="NOT RUN" start="2025-04-08T11:43:52.402867" elapsed="0.000037"/>
</kw>
<status status="FAIL" start="2025-04-08T11:43:51.220927" elapsed="1.182088">Request Body: b'&lt;?xml version="1.0" encoding="UTF-8"?&gt;\r\n&lt;robot generator="Robot 7.2.2 (Python 3.13.2 on win32)" generated="2025-04-08T11:40:07.687855" rpa="false" schemaversion="5"&gt;\r\n&lt;suite id="s1" name="Login Test" source="C:\\Users\\IB\\Desktop\\Project\\RobotFramwork\\test\\login_test"&gt;\r\n&lt;suite id="s1-s1" name="Valid Login" source="C:\\Users\\IB\\Desktop\\Project\\RobotFramwork\\test\\login_test\\valid_login.robot"&gt;\r\n&lt;test id="s1-s1-t1" name="Test Case 1" line="6"&gt;\r\n&lt;kw name="Import Results To Xray" owner="import"&gt;\r\n&lt;kw name="Import Robot Results" owner="XrayApiImporter"&gt;\r\n&lt;msg time="2025-04-08T11:40:09.346703" level="INFO"&gt;Request Headers: {\'Authorization\': \'Bearer eyJhbGciOiJIUzI1NiIsInR5cCI6IkpXVCJ9.eyJ0ZW5hbnQiOiJiNmNhZGQwNS1lMzQxLTNmMTctYjU1Zi00OTM0MTI4MWQ4MmEiLCJhY2NvdW50SWQiOiI3MTIwMjA6ZGFlMjMzMmUtODUwMC00NTJjLWEwYWUtNzM1NjI2OWU0ZjQ5IiwiaXNYZWEiOmZhbHNlLCJpYXQiOjE3NDQxMDUyMDAsImV4cCI6MTc0NDE5MTYwMCwiYXVkIjoiRTU3N0Y5Q0FFQzhBNDE3MTk4NUQyRjgyRjEyOUQ3M0YiLCJpc3MiOiJjb20ueHBhbmRpdC5wbHVnaW5zLnhyYXkiLCJzdWIiOiJFNTc3RjlDQUVDOEE0MTcxOTg1RDJGODJGMTI5RDczRiJ9.7BIY5XgeDEwrx7JzJfNWgqpgBwxuxLki-LBaAjXUrl8\', \'Content-Type\': \'application/xml\'}\r\nRequest Body: b\'\'&lt;/msg&gt;\r\n&lt;msg time="2025-04-08T11:40:09.346851" level="FAIL"&gt;FileNotFoundError: [Errno 2] No such file or directory: \'output.xml\'&lt;/msg&gt;\r\n&lt;var&gt;${result}&lt;/var&gt;\r\n&lt;arg&gt;C:/Users/IB/Desktop/Project/RobotFramwork/test/login_test/results/output.xml&lt;/arg&gt;\r\n&lt;status status="FAIL" start="2025-04-08T11:40:08.122730" elapsed="1.225210"&gt;FileNotFoundError: [Errno 2] No such file or directory: \'output.xml\'&lt;/status&gt;\r\n&lt;/kw&gt;\r\n&lt;kw name="Log" owner="BuiltIn"&gt;\r\n&lt;arg&gt;${result}&lt;/arg&gt;\r\n&lt;doc&gt;Logs the given message with the given level.&lt;/doc&gt;\r\n&lt;status status="NOT RUN" start="2025-04-08T11:40:09.348128" elapsed="0.000030"/&gt;\r\n&lt;/kw&gt;\r\n&lt;status status="FAIL" start="2025-04-08T11:40:08.122031" elapsed="1.226228"&gt;FileNotFoundError: [Errno 2] No such file or directory: \'output.xml\'&lt;/status&gt;\r\n&lt;/kw&gt;\r\n&lt;status status="FAIL" start="2025-04-08T11:40:08.121410" elapsed="1.227275"&gt;FileNotFoundError: [Errno 2] No such file or directory: \'output.xml\'&lt;/status&gt;\r\n&lt;/test&gt;\r\n&lt;status status="FAIL" start="2025-04-08T11:40:07.709276" elapsed="1.640679"/&gt;\r\n&lt;/suite&gt;\r\n&lt;status status="FAIL" start="2025-04-08T11:40:07.688884" elapsed="1.661935"/&gt;\r\n&lt;/suite&gt;\r\n&lt;statistics&gt;\r\n&lt;total&gt;\r\n&lt;stat pass="0" fail="1" skip="0"&gt;All Tests&lt;/stat&gt;\r\n&lt;/total&gt;\r\n&lt;tag&gt;\r\n&lt;/tag&gt;\r\n&lt;suite&gt;\r\n&lt;stat name="Login Test" id="s1" pass="0" fail="1" skip="0"&gt;Login Test&lt;/stat&gt;\r\n&lt;stat name="Valid Login" id="s1-s1" pass="0" fail="1" skip="0"&gt;Login Test.Valid Login&lt;/stat&gt;\r\n&lt;/suite&gt;\r\n&lt;/statistics&gt;\r\n&lt;errors&gt;\r\n&lt;/errors&gt;\r\n&lt;/robot&gt;\r\n'</status>
</kw>
<status status="FAIL" start="2025-04-08T11:43:51.220346" elapsed="1.183112">Request Body: b'&lt;?xml version="1.0" encoding="UTF-8"?&gt;\r\n&lt;robot generator="Robot 7.2.2 (Python 3.13.2 on win32)" generated="2025-04-08T11:40:07.687855" rpa="false" schemaversion="5"&gt;\r\n&lt;suite id="s1" name="Login Test" source="C:\\Users\\IB\\Desktop\\Project\\RobotFramwork\\test\\login_test"&gt;\r\n&lt;suite id="s1-s1" name="Valid Login" source="C:\\Users\\IB\\Desktop\\Project\\RobotFramwork\\test\\login_test\\valid_login.robot"&gt;\r\n&lt;test id="s1-s1-t1" name="Test Case 1" line="6"&gt;\r\n&lt;kw name="Import Results To Xray" owner="import"&gt;\r\n&lt;kw name="Import Robot Results" owner="XrayApiImporter"&gt;\r\n&lt;msg time="2025-04-08T11:40:09.346703" level="INFO"&gt;Request Headers: {\'Authorization\': \'Bearer eyJhbGciOiJIUzI1NiIsInR5cCI6IkpXVCJ9.eyJ0ZW5hbnQiOiJiNmNhZGQwNS1lMzQxLTNmMTctYjU1Zi00OTM0MTI4MWQ4MmEiLCJhY2NvdW50SWQiOiI3MTIwMjA6ZGFlMjMzMmUtODUwMC00NTJjLWEwYWUtNzM1NjI2OWU0ZjQ5IiwiaXNYZWEiOmZhbHNlLCJpYXQiOjE3NDQxMDUyMDAsImV4cCI6MTc0NDE5MTYwMCwiYXVkIjoiRTU3N0Y5Q0FFQzhBNDE3MTk4NUQyRjgyRjEyOUQ3M0YiLCJpc3MiOiJjb20ueHBhbmRpdC5wbHVnaW5zLnhyYXkiLCJzdWIiOiJFNTc3RjlDQUVDOEE0MTcxOTg1RDJGODJGMTI5RDczRiJ9.7BIY5XgeDEwrx7JzJfNWgqpgBwxuxLki-LBaAjXUrl8\', \'Content-Type\': \'application/xml\'}\r\nRequest Body: b\'\'&lt;/msg&gt;\r\n&lt;msg time="2025-04-08T11:40:09.346851" level="FAIL"&gt;FileNotFoundError: [Errno 2] No such file or directory: \'output.xml\'&lt;/msg&gt;\r\n&lt;var&gt;${result}&lt;/var&gt;\r\n&lt;arg&gt;C:/Users/IB/Desktop/Project/RobotFramwork/test/login_test/results/output.xml&lt;/arg&gt;\r\n&lt;status status="FAIL" start="2025-04-08T11:40:08.122730" elapsed="1.225210"&gt;FileNotFoundError: [Errno 2] No such file or directory: \'output.xml\'&lt;/status&gt;\r\n&lt;/kw&gt;\r\n&lt;kw name="Log" owner="BuiltIn"&gt;\r\n&lt;arg&gt;${result}&lt;/arg&gt;\r\n&lt;doc&gt;Logs the given message with the given level.&lt;/doc&gt;\r\n&lt;status status="NOT RUN" start="2025-04-08T11:40:09.348128" elapsed="0.000030"/&gt;\r\n&lt;/kw&gt;\r\n&lt;status status="FAIL" start="2025-04-08T11:40:08.122031" elapsed="1.226228"&gt;FileNotFoundError: [Errno 2] No such file or directory: \'output.xml\'&lt;/status&gt;\r\n&lt;/kw&gt;\r\n&lt;status status="FAIL" start="2025-04-08T11:40:08.121410" elapsed="1.227275"&gt;FileNotFoundError: [Errno 2] No such file or directory: \'output.xml\'&lt;/status&gt;\r\n&lt;/test&gt;\r\n&lt;status status="FAIL" start="2025-04-08T11:40:07.709276" elapsed="1.640679"/&gt;\r\n&lt;/suite&gt;\r\n&lt;status status="FAIL" start="2025-04-08T11:40:07.688884" elapsed="1.661935"/&gt;\r\n&lt;/suite&gt;\r\n&lt;statistics&gt;\r\n&lt;total&gt;\r\n&lt;stat pass="0" fail="1" skip="0"&gt;All Tests&lt;/stat&gt;\r\n&lt;/total&gt;\r\n&lt;tag&gt;\r\n&lt;/tag&gt;\r\n&lt;suite&gt;\r\n&lt;stat name="Login Test" id="s1" pass="0" fail="1" skip="0"&gt;Login Test&lt;/stat&gt;\r\n&lt;stat name="Valid Login" id="s1-s1" pass="0" fail="1" skip="0"&gt;Login Test.Valid Login&lt;/stat&gt;\r\n&lt;/suite&gt;\r\n&lt;/statistics&gt;\r\n&lt;errors&gt;\r\n&lt;/errors&gt;\r\n&lt;/robot&gt;\r\n'</status>
</test>
<status status="FAIL" start="2025-04-08T11:43:50.781376" elapsed="1.623611"/>
</suite>
<statistics>
<total>
<stat pass="0" fail="1" skip="0">All Tests</stat>
</total>
<tag>
</tag>
<suite>
<stat name="Valid Login" id="s1" pass="0" fail="1" skip="0">Valid Login</stat>
</suite>
</statistics>
<errors>
</errors>
</robot>
