<?xml version="1.0" encoding="UTF-8"?>
<robot generator="Robot 7.2.2 (Python 3.13.2 on win32)" generated="2025-04-08T16:13:18.533726" rpa="false" schemaversion="5">
<suite id="s1" name="First" source="C:\Users\IB\Desktop\Project\RobotFramwork\first.robot">
<test id="s1-t1" name="Test Case 1" line="5">
<kw name="Open Browser" owner="SeleniumLibrary">
<msg time="2025-04-08T16:13:18.730307" level="INFO">Opening browser 'firefox' to base url 'https://example.com'.</msg>
<arg>https://example.com</arg>
<arg>firefox</arg>
<doc>Opens a new browser instance to the optional ``url``.</doc>
<status status="PASS" start="2025-04-08T16:13:18.730103" elapsed="5.230605"/>
</kw>
<kw name="Maximize Browser Window" owner="SeleniumLibrary">
<doc>Maximizes current browser window.</doc>
<status status="PASS" start="2025-04-08T16:13:23.961113" elapsed="0.278109"/>
</kw>
<kw name="Title Should Be" owner="SeleniumLibrary">
<msg time="2025-04-08T16:13:24.241724" level="INFO">Page title is 'Example Domain'.</msg>
<arg>Example Domain</arg>
<doc>Verifies that the current page title equals ``title``.</doc>
<status status="PASS" start="2025-04-08T16:13:24.239778" elapsed="0.002002"/>
</kw>
<kw name="Close Browser" owner="SeleniumLibrary" type="TEARDOWN">
<doc>Closes the current browser.</doc>
<status status="PASS" start="2025-04-08T16:13:24.242113" elapsed="2.611923"/>
</kw>
<tag>POEI20252-766</tag>
<status status="PASS" start="2025-04-08T16:13:18.729258" elapsed="8.125194"/>
</test>
<status status="PASS" start="2025-04-08T16:13:18.534901" elapsed="8.320926"/>
</suite>
<statistics>
<total>
<stat pass="1" fail="0" skip="0">All Tests</stat>
</total>
<tag>
<stat pass="1" fail="0" skip="0">POEI20252-766</stat>
</tag>
<suite>
<stat name="First" id="s1" pass="1" fail="0" skip="0">First</stat>
</suite>
</statistics>
<errors>
</errors>
</robot>
